<?xml version="1.0" encoding="utf-8"?><testsuites name="pytest tests"><testsuite name="pytest" errors="0" failures="0" skipped="0" tests="36" time="16.916" timestamp="2026-09-08T06:19:54.256340+00:00" hostname="agent-env-dab59ce9-01b5-4c70-8150-cd4c44fa8676"><testcase classname="tests.backend_test" name="test_root" time="0.177" /><testcase classname="tests.backend_test" name="test_login_invalid" time="0.374" /><testcase classname="tests.backend_test" name="test_me_requires_auth" time="0.144" /><testcase classname="tests.backend_test" name="test_me_with_token" time="0.550" /><testcase classname="tests.backend_test" name="test_create_enquiry_and_visible_in_admin" time="0.471" /><testcase classname="tests.backend_test" name="test_admin_list_requires_auth" time="0.149" /><testcase classname="tests.backend_test" name="test_admin_stats" time="0.148" /><testcase classname="tests.backend_test" name="test_update_and_delete_enquiry" time="0.751" /><testcase classname="tests.backend_test" name="test_patch_nonexistent" time="0.223" /><testcase classname="tests.backend_test" name="test_chat_reply" time="3.415" /><testcase classname="tests.test_iteration3" name="test_public_testimonials_seeded" time="0.188" /><testcase classname="tests.test_iteration3" name="test_admin_endpoints_require_auth[POST-/admin/testimonials]" time="0.150" /><testcase classname="tests.test_iteration3" name="test_admin_endpoints_require_auth[DELETE-/admin/testimonials/xyz]" time="0.151" /><testcase classname="tests.test_iteration3" name="test_admin_endpoints_require_auth[PATCH-/admin/media/xyz]" time="0.151" /><testcase classname="tests.test_iteration3" name="test_create_and_delete_testimonial" time="1.142" /><testcase classname="tests.test_iteration3" name="test_media_list_sorted_by_sort_order" time="0.147" /><testcase classname="tests.test_iteration3" name="test_patch_media_reorder_persists" time="0.887" /><testcase classname="tests.test_iteration3" name="test_patch_media_title_category_is_reel" time="0.452" /><testcase classname="tests.test_iteration3" name="test_patch_media_nonexistent" time="0.157" /><testcase classname="tests.test_iteration3" name="test_upload_video_returns_kind_video" time="0.998" /><testcase classname="tests.test_iteration3" name="test_files_serves_testimonial_path" time="1.124" /><testcase classname="tests.test_media_artists" name="test_public_media_list" time="0.147" /><testcase classname="tests.test_media_artists" name="test_public_media_reels_filter" time="0.150" /><testcase classname="tests.test_media_artists" name="test_public_media_category_filter" time="0.151" /><testcase classname="tests.test_media_artists" name="test_public_artists_list" time="0.151" /><testcase classname="tests.test_media_artists" name="test_admin_endpoints_require_auth[POST-/admin/upload]" time="0.160" /><testcase classname="tests.test_media_artists" name="test_admin_endpoints_require_auth[POST-/admin/media]" time="0.148" /><testcase classname="tests.test_media_artists" name="test_admin_endpoints_require_auth[DELETE-/admin/media/xyz]" time="0.154" /><testcase classname="tests.test_media_artists" name="test_admin_endpoints_require_auth[POST-/admin/artists]" time="0.153" /><testcase classname="tests.test_media_artists" name="test_admin_endpoints_require_auth[PATCH-/admin/artists/xyz]" time="0.160" /><testcase classname="tests.test_media_artists" name="test_admin_endpoints_require_auth[DELETE-/admin/artists/xyz]" time="0.152" /><testcase classname="tests.test_media_artists" name="test_upload_create_serve_delete_flow" time="1.929" /><testcase classname="tests.test_media_artists" name="test_media_missing_source_400" time="0.153" /><testcase classname="tests.test_media_artists" name="test_upload_rejects_non_media" time="0.156" /><testcase classname="tests.test_media_artists" name="test_artist_create_update_delete" time="0.958" /><testcase classname="tests.test_media_artists" name="test_files_unknown_path_404" time="0.178" /></testsuite></testsuites>